<?xml version="1.0" encoding="UTF-8"?>
<!-- Generated by org.testng.reporters.JUnitReportReporter -->
<testsuite hostname="LP-5CD2026QP4" failures="0" tests="2" name="HCLTECH_Usecase1.Usecase1" time="27.100" errors="0" timestamp="2023-08-04T14:44:36 IST" skipped="0">
  <testcase classname="HCLTECH_Usecase1.Usecase1" name="display_menus" time="7.881"/>
  <system-out/>
  <testcase classname="HCLTECH_Usecase1.Usecase1" name="contactus" time="19.219"/>
  <system-out/>
</testsuite> <!-- HCLTECH_Usecase1.Usecase1 -->
