<?xml version="1.0" encoding="UTF-8"?>
<!-- Generated by org.testng.reporters.JUnitReportReporter -->
<testsuite hostname="LP-5CD2026QP4" failures="0" tests="3" name="Amazon.Extentreportdemo" time="19.529" errors="0" timestamp="2023-08-04T00:07:28 IST" skipped="0">
  <testcase classname="Amazon.Extentreportdemo" name="before_class" time="0.698"/>
  <system-out/>
  <testcase classname="Amazon.Extentreportdemo" name="test_title" time="16.440"/>
  <system-out/>
  <testcase classname="Amazon.Extentreportdemo" name="after_class" time="2.391"/>
  <system-out/>
</testsuite> <!-- Amazon.Extentreportdemo -->
